<?xml version="1.0" encoding="UTF-8"?>
<!-- Generated by org.testng.reporters.JUnitXMLReporter -->
<testsuite hostname="DESKTOP-68GGR8J" ignored="0" name="Test" tests="1" failures="1" timestamp="12 Mar 2022 05:02:53 GMT" time="12.848" errors="0">
  <testcase name="validateGoogle" time="12.805" classname="sample1.Test1">
    <failure type="java.io.FileNotFoundException" message="C:\Selenium Work Space\GitJenkinsTest\screenshot\goolge.png (The system cannot find the path specified)">
      <![CDATA[java.io.FileNotFoundException: C:\Selenium Work Space\GitJenkinsTest\screenshot\goolge.png (The system cannot find the path specified)at java.io.FileOutputStream.open0(Native Method)at java.io.FileOutputStream.open(Unknown Source)at java.io.FileOutputStream.<init>(Unknown Source)at java.io.FileOutputStream.<init>(Unknown Source)at org.openqa.selenium.io.FileHandler.copyFile(FileHandler.java:136)at org.openqa.selenium.io.FileHandler.copy(FileHandler.java:115)at sample1.Test1.validateGoogle(Test1.java:32)... Removed 25 stack frames]]>
    </failure>
  </testcase> <!-- validateGoogle -->
</testsuite> <!-- Test -->
